0 info it worked if it ends with ok
1 verbose cli [ '/usr/local/bin/node', '/usr/local/bin/npm', 'start' ]
2 info using npm@3.3.12
3 info using node@v5.2.0
4 verbose run-script [ 'prestart', 'start', 'poststart' ]
5 info lifecycle koylee@1.0.0~prestart: koylee@1.0.0
6 silly lifecycle koylee@1.0.0~prestart: no script for prestart, continuing
7 info lifecycle koylee@1.0.0~start: koylee@1.0.0
8 verbose lifecycle koylee@1.0.0~start: unsafe-perm in lifecycle true
9 verbose lifecycle koylee@1.0.0~start: PATH: /usr/local/lib/node_modules/npm/bin/node-gyp-bin:/home/innovisto/projects/koyleeLocationUI/node_modules/.bin:/usr/local/heroku/bin:/usr/local/sbin:/usr/local/bin:/usr/sbin:/usr/bin:/sbin:/bin:/usr/games:/usr/local/games:/app/android-sdk-linux/platform-tools:/app/android-sdk-linux/tools
10 verbose lifecycle koylee@1.0.0~start: CWD: /home/innovisto/projects/koyleeLocationUI
11 silly lifecycle koylee@1.0.0~start: Args: [ '-c',
11 silly lifecycle   'watchify src/app/app.js -v -d -t babelify -o dist/bundle.js' ]
12 silly lifecycle koylee@1.0.0~start: Returned: code: 1  signal: null
13 info lifecycle koylee@1.0.0~start: Failed to exec start script
14 verbose stack Error: koylee@1.0.0 start: `watchify src/app/app.js -v -d -t babelify -o dist/bundle.js`
14 verbose stack Exit status 1
14 verbose stack     at EventEmitter.<anonymous> (/usr/local/lib/node_modules/npm/lib/utils/lifecycle.js:232:16)
14 verbose stack     at emitTwo (events.js:88:13)
14 verbose stack     at EventEmitter.emit (events.js:173:7)
14 verbose stack     at ChildProcess.<anonymous> (/usr/local/lib/node_modules/npm/lib/utils/spawn.js:24:14)
14 verbose stack     at emitTwo (events.js:88:13)
14 verbose stack     at ChildProcess.emit (events.js:173:7)
14 verbose stack     at maybeClose (internal/child_process.js:819:16)
14 verbose stack     at Process.ChildProcess._handle.onexit (internal/child_process.js:212:5)
15 verbose pkgid koylee@1.0.0
16 verbose cwd /home/innovisto/projects/koyleeLocationUI
17 error Linux 3.16.0-59-generic
18 error argv "/usr/local/bin/node" "/usr/local/bin/npm" "start"
19 error node v5.2.0
20 error npm  v3.3.12
21 error code ELIFECYCLE
22 error koylee@1.0.0 start: `watchify src/app/app.js -v -d -t babelify -o dist/bundle.js`
22 error Exit status 1
23 error Failed at the koylee@1.0.0 start script 'watchify src/app/app.js -v -d -t babelify -o dist/bundle.js'.
23 error Make sure you have the latest version of node.js and npm installed.
23 error If you do, this is most likely a problem with the koylee package,
23 error not with npm itself.
23 error Tell the author that this fails on your system:
23 error     watchify src/app/app.js -v -d -t babelify -o dist/bundle.js
23 error You can get their info via:
23 error     npm owner ls koylee
23 error There is likely additional logging output above.
24 verbose exit [ 1, true ]
